<?xml version="1.0" encoding="UTF-8"?>
<testng-results ignored="0" total="2" passed="2" failed="0" skipped="0">
  <reporter-output>
  </reporter-output>
  <suite started-at="2023-11-28T08:21:39 IST" name="Default suite" finished-at="2023-11-28T08:21:44 IST" duration-ms="4232">
    <groups>
      <group name="cucumber">
        <method signature="AbstractTestNGCucumberTests.runScenario(io.cucumber.testng.PickleWrapper,io.cucumber.testng.FeatureWrapper)[pri:0, instance:runner.OrderRunner@66f57048]" name="runScenario" class="io.cucumber.testng.AbstractTestNGCucumberTests"/>
      </group> <!-- cucumber -->
    </groups>
    <test started-at="2023-11-28T08:21:39 IST" name="Default test" finished-at="2023-11-28T08:21:44 IST" duration-ms="4232">
      <class name="runner.OrderRunner">
        <test-method is-config="true" signature="setUpClass(org.testng.ITestContext)[pri:0, instance:runner.OrderRunner@66f57048]" started-at="2023-11-28T08:21:40 IST" name="setUpClass" finished-at="2023-11-28T08:21:41 IST" duration-ms="1400" status="PASS">
          <params>
            <param index="0">
              <value>
                <![CDATA[org.testng.TestRunner@31da6b2e]]>
              </value>
            </param>
          </params>
          <reporter-output>
          </reporter-output>
        </test-method> <!-- setUpClass -->
        <test-method signature="runScenario(io.cucumber.testng.PickleWrapper,io.cucumber.testng.FeatureWrapper)[pri:0, instance:runner.OrderRunner@66f57048]" started-at="2023-11-28T08:21:41 IST" name="runScenario" description="Runs Cucumber Scenarios" data-provider="scenarios" finished-at="2023-11-28T08:21:41 IST" duration-ms="376" status="PASS">
          <params>
            <param index="0">
              <value>
                <![CDATA["previously placed order info"]]>
              </value>
            </param>
            <param index="1">
              <value>
                <![CDATA["Order information"]]>
              </value>
            </param>
          </params>
          <reporter-output>
          </reporter-output>
        </test-method> <!-- runScenario -->
        <test-method signature="runScenario(io.cucumber.testng.PickleWrapper,io.cucumber.testng.FeatureWrapper)[pri:0, instance:runner.OrderRunner@66f57048]" started-at="2023-11-28T08:21:41 IST" name="runScenario" description="Runs Cucumber Scenarios" data-provider="scenarios" finished-at="2023-11-28T08:21:41 IST" duration-ms="86" status="PASS">
          <params>
            <param index="0">
              <value>
                <![CDATA["current placed order info"]]>
              </value>
            </param>
            <param index="1">
              <value>
                <![CDATA["Order information"]]>
              </value>
            </param>
          </params>
          <reporter-output>
          </reporter-output>
        </test-method> <!-- runScenario -->
        <test-method is-config="true" signature="tearDownClass()[pri:0, instance:runner.OrderRunner@66f57048]" started-at="2023-11-28T08:21:41 IST" name="tearDownClass" finished-at="2023-11-28T08:21:44 IST" duration-ms="2206" status="PASS">
          <reporter-output>
          </reporter-output>
        </test-method> <!-- tearDownClass -->
      </class> <!-- runner.OrderRunner -->
    </test> <!-- Default test -->
  </suite> <!-- Default suite -->
</testng-results>
